0.1 9999.97 -170.499 -0.160735
0.2 9999.9 -170.498 -0.482208
0.3 9999.81 -170.497 -0.803691
0.4 9999.68 -170.495 -1.12519
0.5 9999.52 -170.492 -1.4467
0.6 9999.32 -170.489 -1.76824
0.7 9999.1 -170.485 -2.0898
0.8 9998.84 -170.48 -2.41138
0.9 9998.55 -170.475 -2.73301
1 9998.23 -170.47 -3.05466
1.1 9997.88 -170.464 -3.37636
1.2 9997.49 -170.457 -3.69811
1.3 9997.07 -170.45 -4.0199
1.4 9996.62 -170.443 -4.34174
1.5 9996.14 -170.434 -4.66364
1.6 9995.63 -170.426 -4.9856
1.7 9995.08 -170.416 -5.30762
1.8 9994.5 -170.407 -5.62971
1.9 9993.89 -170.396 -5.95187
2 9993.25 -170.385 -6.27411
2.1 9992.57 -170.374 -6.59642
2.2 9991.86 -170.362 -6.91882
2.3 9991.12 -170.349 -7.24131
2.4 9990.35 -170.336 -7.56388
2.5 9989.54 -170.322 -7.88655
2.6 9988.71 -170.308 -8.20931
2.7 9987.84 -170.293 -8.53218
2.8 9986.94 -170.278 -8.85515
2.9 9986 -170.262 -9.17823
3 9985.04 -170.246 -9.50143
3.1 9984.04 -170.229 -9.82474
3.2 9983.01 -170.211 -10.1482
3.3 9981.94 -170.193 -10.4717
3.4 9980.85 -170.174 -10.7954
3.5 9979.72 -170.155 -11.1192
3.6 9978.56 -170.135 -11.4431
3.7 9977.37 -170.115 -11.7672
3.8 9976.14 -170.094 -12.0914
3.9 9974.88 -170.073 -12.4158
4 9973.59 -170.051 -12.7403
4.1 9972.27 -170.029 -13.065
4.2 9970.91 -170.006 -13.3898
4.3 9969.53 -169.982 -13.7148
4.4 9968.11 -169.958 -14.0399
4.5 9966.65 -169.933 -14.3652
4.6 9965.17 -169.908 -14.6907
4.7 9963.65 -169.882 -15.0164
4.8 9962.1 -169.856 -15.3422
4.9 9960.52 -169.829 -15.6682
5 9958.9 -169.801 -15.9944
5.1 9957.25 -169.773 -16.3207
5.2 9955.57 -169.745 -16.6473
5.3 9953.86 -169.716 -16.974
5.4 9952.11 -169.686 -17.301
5.5 9950.33 -169.656 -17.6281
5.6 9948.52 -169.625 -17.9554
5.7 9946.68 -169.593 -18.283
5.8 9944.8 -169.562 -18.6107
5.9 9942.89 -169.529 -18.9387
6 9940.94 -169.496 -19.2668
6.1 9938.97 -169.462 -19.5952
6.2 9936.96 -169.428 -19.9238
6.3 9934.92 -169.394 -20.2526
6.4 9932.84 -169.358 -20.5817
6.5 9930.74 -169.323 -20.9109
6.6 9928.6 -169.286 -21.2405
6.7 9926.42 -169.249 -21.5702
6.8 9924.22 -169.212 -21.9002
6.9 9921.98 -169.174 -22.2304
7 9919.7 -169.135 -22.5608
7.1 9917.4 -169.096 -22.8915
7.2 9915.06 -169.056 -23.2224
7.3 9912.69 -169.016 -23.5536
7.4 9910.28 -168.975 -23.885
7.5 9907.84 -168.933 -24.2167
7.6 9905.37 -168.891 -24.5486
7.7 9902.87 -168.849 -24.8808
7.8 9900.33 -168.806 -25.2133
7.9 9897.76 -168.762 -25.546
8 9895.15 -168.718 -25.879
8.1 9892.52 -168.673 -26.2122
8.2 9889.84 -168.627 -26.5457
8.3 9887.14 -168.581 -26.8795
8.4 9884.4 -168.535 -27.2136
8.5 9881.63 -168.488 -27.5479
8.6 9878.83 -168.44 -27.8825
8.7 9875.99 -168.392 -28.2174
8.8 9873.11 -168.343 -28.5526
8.9 9870.21 -168.294 -28.888
9 9867.27 -168.244 -29.2237
9.1 9864.3 -168.193 -29.5598
9.2 9861.29 -168.142 -29.8961
9.3 9858.25 -168.09 -30.2327
9.4 9855.18 -168.038 -30.5695
9.5 9852.07 -167.985 -30.9067
9.6 9848.93 -167.932 -31.2442
9.7 9845.75 -167.878 -31.5819
9.8 9842.54 -167.823 -31.92
9.9 9839.3 -167.768 -32.2584
10 9836.02 -167.712 -32.597
10.1 9832.71 -167.656 -32.936
10.2 9829.37 -167.599 -33.2752
10.3 9825.99 -167.542 -33.6148
10.4 9822.58 -167.484 -33.9547
10.5 9819.13 -167.425 -34.2948
10.6 9815.65 -167.366 -34.6353
10.7 9812.14 -167.306 -34.9761
10.8 9808.59 -167.246 -35.3172
10.9 9805.01 -167.185 -35.6586
11 9801.39 -167.124 -36.0003
11.1 9797.74 -167.062 -36.3423
11.2 9794.05 -166.999 -36.6847
11.3 9790.33 -166.936 -37.0273
11.4 9786.58 -166.872 -37.3703
11.5 9782.79 -166.807 -37.7136
11.6 9778.97 -166.742 -38.0571
11.7 9775.11 -166.677 -38.401
11.8 9771.22 -166.611 -38.7453
11.9 9767.29 -166.544 -39.0898
12 9763.33 -166.477 -39.4346
12.1 9759.33 -166.409 -39.7798
12.2 9755.3 -166.34 -40.1253
12.3 9751.24 -166.271 -40.4711
12.4 9747.14 -166.201 -40.8172
12.5 9743.01 -166.131 -41.1636
12.6 9738.84 -166.06 -41.5104
12.7 9734.64 -165.989 -41.8574
12.8 9730.4 -165.917 -42.2048
12.9 9726.13 -165.844 -42.5525
13 9721.82 -165.771 -42.9005
13.1 9717.48 -165.697 -43.2488
13.2 9713.1 -165.623 -43.5975
13.3 9708.69 -165.548 -43.9464
13.4 9704.24 -165.472 -44.2957
13.5 9699.76 -165.396 -44.6453
13.6 9695.24 -165.319 -44.9952
13.7 9690.69 -165.242 -45.3454
13.8 9686.1 -165.164 -45.6959
13.9 9681.48 -165.085 -46.0467
14 9676.82 -165.006 -46.3979
14.1 9672.13 -164.926 -46.7493
14.2 9667.4 -164.846 -47.1011
14.3 9662.64 -164.765 -47.4532
14.4 9657.84 -164.683 -47.8055
14.5 9653.01 -164.601 -48.1582
14.6 9648.14 -164.518 -48.5112
14.7 9643.23 -164.435 -48.8645
14.8 9638.29 -164.351 -49.2181
14.9 9633.32 -164.266 -49.572
15 9628.31 -164.181 -49.9262
15.1 9623.26 -164.095 -50.2807
15.2 9618.18 -164.009 -50.6355
15.3 9613.07 -163.922 -50.9905
15.4 9607.91 -163.835 -51.3459
15.5 9602.73 -163.746 -51.7016
15.6 9597.5 -163.658 -52.0576
15.7 9592.24 -163.568 -52.4138
15.8 9586.95 -163.478 -52.7703
15.9 9581.62 -163.387 -53.1272
16 9576.25 -163.296 -53.4843
16.1 9570.85 -163.204 -53.8417
16.2 9565.41 -163.112 -54.1993
16.3 9559.94 -163.019 -54.5573
16.4 9554.43 -162.925 -54.9155
16.5 9548.88 -162.831 -55.274
16.6 9543.3 -162.736 -55.6327
16.7 9537.68 -162.641 -55.9918
16.8 9532.03 -162.545 -56.3511
16.9 9526.34 -162.448 -56.7106
17 9520.62 -162.35 -57.0705
17.1 9514.86 -162.253 -57.4305
17.2 9509.06 -162.154 -57.7909
17.3 9503.23 -162.055 -58.1515
17.4 9497.36 -161.955 -58.5123
17.5 9491.45 -161.855 -58.8734
17.6 9485.51 -161.754 -59.2347
17.7 9479.53 -161.652 -59.5963
17.8 9473.52 -161.55 -59.9581
17.9 9467.47 -161.447 -60.3202
18 9461.38 -161.343 -60.6825
18.1 9455.26 -161.239 -61.045
18.2 9449.1 -161.135 -61.4077
18.3 9442.9 -161.029 -61.7707
18.4 9436.67 -160.923 -62.1339
18.5 9430.4 -160.817 -62.4973
18.6 9424.1 -160.71 -62.8609
18.7 9417.76 -160.602 -63.2247
18.8 9411.38 -160.494 -63.5887
18.9 9404.97 -160.384 -63.953
19 9398.52 -160.275 -64.3174
19.1 9392.03 -160.165 -64.6821
19.2 9385.51 -160.054 -65.0469
19.3 9378.95 -159.942 -65.4119
19.4 9372.35 -159.83 -65.7771
19.5 9365.72 -159.717 -66.1425
19.6 9359.05 -159.604 -66.508
19.7 9352.35 -159.49 -66.8738
19.8 9345.61 -159.375 -67.2397
19.9 9338.83 -159.26 -67.6058
20 9332.01 -159.144 -67.972
20.1 9325.16 -159.028 -68.3384
20.2 9318.27 -158.911 -68.7049
20.3 9311.34 -158.793 -69.0716
20.4 9304.38 -158.674 -69.4384
20.5 9297.38 -158.556 -69.8054
20.6 9290.35 -158.436 -70.1725
20.7 9283.28 -158.316 -70.5398
20.8 9276.17 -158.195 -70.9071
20.9 9269.02 -158.073 -71.2746
21 9261.84 -157.951 -71.6422
21.1 9254.62 -157.829 -72.0099
21.2 9247.36 -157.705 -72.3778
21.3 9240.07 -157.581 -72.7457
21.4 9232.74 -157.457 -73.1137
21.5 9225.37 -157.331 -73.4819
21.6 9217.97 -157.205 -73.8501
21.7 9210.53 -157.079 -74.2184
21.8 9203.05 -156.952 -74.5867
21.9 9195.54 -156.824 -74.9552
22 9187.99 -156.696 -75.3237
22.1 9180.4 -156.567 -75.6923
22.2 9172.77 -156.437 -76.0609
22.3 9165.11 -156.307 -76.4296
22.4 9157.42 -156.176 -76.7984
22.5 9149.68 -156.045 -77.1672
22.6 9141.91 -155.912 -77.536
22.7 9134.1 -155.78 -77.9049
22.8 9126.25 -155.646 -78.2737
22.9 9118.37 -155.512 -78.6426
23 9110.45 -155.378 -79.0116
23.1 9102.49 -155.242 -79.3805
23.2 9094.5 -155.107 -79.7494
23.3 9086.47 -154.97 -80.1184
23.4 9078.4 -154.833 -80.4873
23.5 9070.3 -154.695 -80.8562
23.6 9062.16 -154.557 -81.2251
23.7 9053.98 -154.418 -81.594
23.8 9045.77 -154.278 -81.9629
23.9 9037.51 -154.138 -82.3317
24 9029.23 -153.997 -82.7004
24.1 9020.9 -153.855 -83.0692
24.2 9012.54 -153.713 -83.4378
24.3 9004.14 -153.57 -83.8064
24.4 8995.7 -153.427 -84.175
24.5 8987.23 -153.283 -84.5435
24.6 8978.72 -153.138 -84.9119
24.7 8970.17 -152.993 -85.2802
24.8 8961.59 -152.847 -85.6484
24.9 8952.97 -152.701 -86.0166
25 8944.31 -152.553 -86.3846
25.1 8935.62 -152.406 -86.7525
25.2 8926.89 -152.257 -87.1203
25.3 8918.12 -152.108 -87.488
25.4 8909.32 -151.958 -87.8556
25.5 8900.48 -151.808 -88.223
25.6 8891.6 -151.657 -88.5903
25.7 8882.69 -151.506 -88.9574
25.8 8873.74 -151.354 -89.3244
25.9 8864.75 -151.201 -89.6912
26 8855.72 -151.047 -90.0579
26.1 8846.66 -150.893 -90.4244
26.2 8837.57 -150.739 -90.7907
26.3 8828.43 -150.583 -91.1569
26.4 8819.26 -150.427 -91.5228
26.5 8810.05 -150.271 -91.8885
26.6 8800.81 -150.114 -92.2541
26.7 8791.53 -149.956 -92.6194
26.8 8782.21 -149.798 -92.9845
26.9 8772.86 -149.639 -93.3494
27 8763.47 -149.479 -93.714
27.1 8754.05 -149.319 -94.0784
27.2 8744.58 -149.158 -94.4426
27.3 8735.08 -148.996 -94.8065
27.4 8725.55 -148.834 -95.1702
27.5 8715.98 -148.672 -95.5336
27.6 8706.37 -148.508 -95.8967
27.7 8696.73 -148.344 -96.2595
27.8 8687.05 -148.18 -96.6221
27.9 8677.33 -148.015 -96.9843
28 8667.58 -147.849 -97.3463
28.1 8657.79 -147.682 -97.7079
28.2 8647.96 -147.515 -98.0693
28.3 8638.1 -147.348 -98.4303
28.4 8628.2 -147.179 -98.791
28.5 8618.27 -147.011 -99.1513
28.6 8608.3 -146.841 -99.5113
28.7 8598.3 -146.671 -99.871
28.8 8588.26 -146.5 -100.23
28.9 8578.18 -146.329 -100.589
29 8568.07 -146.157 -100.948
29.1 8557.92 -145.985 -101.306
29.2 8547.73 -145.811 -101.664
29.3 8537.51 -145.638 -102.021
29.4 8527.26 -145.463 -102.378
29.5 8516.97 -145.288 -102.735
29.6 8506.64 -145.113 -103.091
29.7 8496.28 -144.937 -103.447
29.8 8485.88 -144.76 -103.802
29.9 8475.45 -144.583 -104.157
30 8464.98 -144.405 -104.512
30.1 8454.47 -144.226 -104.866
30.2 8443.93 -144.047 -105.219
30.3 8433.36 -143.867 -105.572
30.4 8422.75 -143.687 -105.925
30.5 8412.1 -143.506 -106.277
30.6 8401.42 -143.324 -106.629
30.7 8390.71 -143.142 -106.98
30.8 8379.96 -142.959 -107.331
30.9 8369.17 -142.776 -107.681
31 8358.35 -142.592 -108.031
31.1 8347.49 -142.407 -108.38
31.2 8336.6 -142.222 -108.729
31.3 8325.68 -142.037 -109.077
31.4 8314.72 -141.85 -109.424
31.5 8303.72 -141.663 -109.771
31.6 8292.7 -141.476 -110.118
31.7 8281.63 -141.288 -110.464
31.8 8270.53 -141.099 -110.809
31.9 8259.4 -140.91 -111.154
32 8248.23 -140.72 -111.498
32.1 8237.03 -140.53 -111.842
32.2 8225.8 -140.339 -112.185
32.3 8214.53 -140.147 -112.527
32.4 8203.22 -139.955 -112.869
32.5 8191.89 -139.762 -113.21
32.6 8180.51 -139.569 -113.551
32.7 8169.11 -139.375 -113.891
32.8 8157.67 -139.18 -114.23
32.9 8146.19 -138.985 -114.569
33 8134.69 -138.79 -114.907
33.1 8123.14 -138.593 -115.244
33.2 8111.57 -138.397 -115.581
33.3 8099.96 -138.199 -115.917
33.4 8088.32 -138.001 -116.252
33.5 8076.64 -137.803 -116.587
33.6 8064.94 -137.604 -116.921
33.7 8053.19 -137.404 -117.254
33.8 8041.42 -137.204 -117.586
33.9 8029.61 -137.003 -117.918
34 8017.77 -136.802 -118.249
34.1 8005.89 -136.6 -118.58
34.2 7993.99 -136.398 -118.909
34.3 7982.05 -136.195 -119.238
34.4 7970.07 -135.991 -119.567
34.5 7958.07 -135.787 -119.894
34.6 7946.03 -135.582 -120.221
34.7 7933.96 -135.377 -120.547
34.8 7921.85 -135.172 -120.872
34.9 7909.72 -134.965 -121.196
35 7897.55 -134.758 -121.52
35.1 7885.35 -134.551 -121.843
35.2 7873.12 -134.343 -122.165
35.3 7860.85 -134.134 -122.486
35.4 7848.56 -133.925 -122.806
35.5 7836.23 -133.716 -123.126
35.6 7823.87 -133.506 -123.444
35.7 7811.48 -133.295 -123.762
35.8 7799.05 -133.084 -124.08
35.9 7786.6 -132.872 -124.396
36 7774.11 -132.66 -124.711
36.1 7761.59 -132.447 -125.026
36.2 7749.04 -132.234 -125.339
36.3 7736.46 -132.02 -125.652
36.4 7723.85 -131.805 -125.964
36.5 7711.21 -131.59 -126.275
36.6 7698.53 -131.375 -126.586
36.7 7685.83 -131.159 -126.895
36.8 7673.09 -130.943 -127.203
36.9 7660.32 -130.726 -127.511
37 7647.53 -130.508 -127.818
37.1 7634.7 -130.29 -128.123
37.2 7621.84 -130.071 -128.428
37.3 7608.95 -129.852 -128.732
37.4 7596.03 -129.633 -129.035
37.5 7583.09 -129.412 -129.337
37.6 7570.11 -129.192 -129.638
37.7 7557.1 -128.971 -129.938
37.8 7544.06 -128.749 -130.238
37.9 7530.99 -128.527 -130.536
38 7517.89 -128.304 -130.833
38.1 7504.76 -128.081 -131.13
38.2 7491.61 -127.857 -131.425
38.3 7478.42 -127.633 -131.719
38.4 7465.21 -127.408 -132.013
38.5 7451.96 -127.183 -132.305
38.6 7438.69 -126.958 -132.597
38.7 7425.38 -126.732 -132.887
38.8 7412.05 -126.505 -133.177
38.9 7398.69 -126.278 -133.465
39 7385.3 -126.05 -133.753
39.1 7371.88 -125.822 -134.039
39.2 7358.44 -125.593 -134.324
39.3 7344.96 -125.364 -134.609
39.4 7331.46 -125.135 -134.892
39.5 7317.93 -124.905 -135.174
39.6 7304.37 -124.674 -135.456
39.7 7290.78 -124.443 -135.736
39.8 7277.16 -124.212 -136.015
39.9 7263.52 -123.98 -136.293
40 7249.85 -123.747 -136.571
40.1 7236.15 -123.515 -136.847
40.2 7222.42 -123.281 -137.122
40.3 7208.67 -123.047 -137.396
40.4 7194.89 -122.813 -137.669
40.5 7181.08 -122.578 -137.94
40.6 7167.25 -122.343 -138.211
40.7 7153.39 -122.108 -138.481
40.8 7139.5 -121.871 -138.749
40.9 7125.58 -121.635 -139.017
41 7111.64 -121.398 -139.283
41.1 7097.67 -121.16 -139.548
41.2 7083.68 -120.923 -139.813
41.3 7069.66 -120.684 -140.076
41.4 7055.61 -120.445 -140.338
41.5 7041.54 -120.206 -140.599
41.6 7027.44 -119.966 -140.858
41.7 7013.32 -119.726 -141.117
41.8 6999.16 -119.486 -141.374
41.9 6984.99 -119.245 -141.631
42 6970.79 -119.003 -141.886
42.1 6956.56 -118.762 -142.14
42.2 6942.31 -118.519 -142.393
42.3 6928.03 -118.277 -142.645
42.4 6913.73 -118.033 -142.896
42.5 6899.4 -117.79 -143.145
42.6 6885.05 -117.546 -143.394
42.7 6870.67 -117.301 -143.641
42.8 6856.27 -117.057 -143.887
42.9 6841.85 -116.811 -144.132
43 6827.4 -116.566 -144.376
43.1 6812.92 -116.32 -144.619
43.2 6798.43 -116.073 -144.861
43.3 6783.9 -115.826 -145.101
43.4 6769.36 -115.579 -145.34
43.5 6754.79 -115.331 -145.578
43.6 6740.2 -115.083 -145.815
43.7 6725.58 -114.835 -146.051
43.8 6710.94 -114.586 -146.285
43.9 6696.27 -114.337 -146.519
44 6681.59 -114.087 -146.751
44.1 6666.88 -113.837 -146.982
44.2 6652.15 -113.586 -147.212
44.3 6637.39 -113.336 -147.441
44.4 6622.61 -113.084 -147.668
44.5 6607.81 -112.833 -147.894
44.6 6592.99 -112.581 -148.119
44.7 6578.14 -112.328 -148.343
44.8 6563.27 -112.076 -148.566
44.9 6548.38 -111.823 -148.788
45 6533.47 -111.569 -149.008
45.1 6518.54 -111.315 -149.227
45.2 6503.58 -111.061 -149.445
45.3 6488.61 -110.806 -149.662
45.4 6473.61 -110.551 -149.878
45.5 6458.59 -110.296 -150.092
45.6 6443.55 -110.04 -150.305
45.7 6428.49 -109.784 -150.517
45.8 6413.4 -109.528 -150.728
45.9 6398.3 -109.271 -150.938
46 6383.17 -109.014 -151.146
46.1 6368.03 -108.756 -151.354
46.2 6352.86 -108.499 -151.56
46.3 6337.67 -108.24 -151.764
46.4 6322.47 -107.982 -151.968
46.5 6307.24 -107.723 -152.17
46.6 6291.99 -107.464 -152.372
46.7 6276.73 -107.204 -152.572
46.8 6261.44 -106.944 -152.771
46.9 6246.13 -106.684 -152.968
47 6230.81 -106.424 -153.165
47.1 6215.46 -106.163 -153.36
47.2 6200.09 -105.902 -153.554
47.3 6184.71 -105.64 -153.747
47.4 6169.31 -105.378 -153.938
47.5 6153.88 -105.116 -154.129
47.6 6138.44 -104.854 -154.318
47.7 6122.98 -104.591 -154.506
47.8 6107.5 -104.328 -154.693
47.9 6092.01 -104.064 -154.879
48 6076.49 -103.8 -155.063
48.1 6060.96 -103.536 -155.247
48.2 6045.41 -103.272 -155.429
48.3 6029.84 -103.007 -155.609
48.4 6014.25 -102.742 -155.789
48.5 5998.64 -102.477 -155.968
48.6 5983.02 -102.211 -156.145
48.7 5967.38 -101.945 -156.321
48.8 5951.72 -101.679 -156.496
48.9 5936.04 -101.413 -156.67
49 5920.35 -101.146 -156.842
49.1 5904.64 -100.879 -157.014
49.2 5888.92 -100.612 -157.184
49.3 5873.17 -100.344 -157.353
49.4 5857.41 -100.076 -157.521
49.5 5841.63 -99.8078 -157.688
49.6 5825.84 -99.5393 -157.853
49.7 5810.03 -99.2705 -158.017
49.8 5794.2 -99.0015 -158.181
49.9 5778.36 -98.7322 -158.343
50 5762.5 -98.4626 -158.503
50.1 5746.63 -98.1927 -158.663
50.2 5730.74 -97.9226 -158.822
50.3 5714.83 -97.6522 -158.979
50.4 5698.91 -97.3815 -159.135
50.5 5682.98 -97.1106 -159.29
50.6 5667.02 -96.8394 -159.444
50.7 5651.06 -96.568 -159.597
50.8 5635.07 -96.2963 -159.748
50.9 5619.08 -96.0243 -159.899
51 5603.06 -95.7521 -160.048
51.1 5587.04 -95.4796 -160.196
51.2 5571 -95.2069 -160.343
51.3 5554.94 -94.934 -160.489
51.4 5538.87 -94.6608 -160.634
51.5 5522.78 -94.3873 -160.777
51.6 5506.69 -94.1136 -160.92
51.7 5490.57 -93.8397 -161.061
51.8 5474.44 -93.5656 -161.201
51.9 5458.3 -93.2912 -161.34
52 5442.15 -93.0165 -161.478
52.1 5425.98 -92.7417 -161.615
52.2 5409.8 -92.4666 -161.751
52.3 5393.6 -92.1913 -161.886
52.4 5377.4 -91.9157 -162.019
52.5 5361.17 -91.6399 -162.152
52.6 5344.94 -91.364 -162.283
52.7 5328.69 -91.0877 -162.413
52.8 5312.43 -90.8113 -162.543
52.9 5296.16 -90.5347 -162.671
53 5279.87 -90.2578 -162.798
53.1 5263.57 -89.9807 -162.924
53.2 5247.26 -89.7034 -163.048
53.3 5230.94 -89.4259 -163.172
53.4 5214.6 -89.1482 -163.295
53.5 5198.25 -88.8703 -163.417
53.6 5181.89 -88.5922 -163.537
53.7 5165.52 -88.3139 -163.657
53.8 5149.14 -88.0354 -163.775
53.9 5132.74 -87.7566 -163.893
54 5116.34 -87.4777 -164.009
54.1 5099.92 -87.1986 -164.125
54.2 5083.49 -86.9193 -164.239
54.3 5067.05 -86.6398 -164.352
54.4 5050.6 -86.3601 -164.464
54.5 5034.13 -86.0803 -164.576
54.6 5017.66 -85.8002 -164.686
54.7 5001.17 -85.52 -164.795
54.8 4984.68 -85.2395 -164.903
54.9 4968.17 -84.9589 -165.011
55 4951.66 -84.6781 -165.117
55.1 4935.13 -84.3972 -165.222
55.2 4918.59 -84.116 -165.326
55.3 4902.04 -83.8347 -165.429
55.4 4885.48 -83.5532 -165.532
55.5 4868.92 -83.2716 -165.633
55.6 4852.34 -82.9897 -165.733
55.7 4835.75 -82.7077 -165.833
55.8 4819.15 -82.4256 -165.931
55.9 4802.54 -82.1432 -166.028
56 4785.93 -81.8607 -166.125
56.1 4769.3 -81.5781 -166.22
56.2 4752.66 -81.2953 -166.315
56.3 4736.02 -81.0123 -166.409
56.4 4719.36 -80.7292 -166.501
56.5 4702.7 -80.4459 -166.593
56.6 4686.03 -80.1624 -166.684
56.7 4669.34 -79.8789 -166.774
56.8 4652.65 -79.5951 -166.863
56.9 4635.95 -79.3112 -166.951
57 4619.25 -79.0272 -167.038
57.1 4602.53 -78.743 -167.124
57.2 4585.8 -78.4587 -167.21
57.3 4569.07 -78.1742 -167.294
57.4 4552.33 -77.8896 -167.378
57.5 4535.58 -77.6048 -167.461
57.6 4518.82 -77.3199 -167.543
57.7 4502.05 -77.0349 -167.624
57.8 4485.28 -76.7497 -167.704
57.9 4468.5 -76.4644 -167.783
58 4451.71 -76.179 -167.861
58.1 4434.91 -75.8935 -167.939
58.2 4418.1 -75.6078 -168.016
58.3 4401.29 -75.3219 -168.092
58.4 4384.47 -75.036 -168.167
58.5 4367.64 -74.7499 -168.241
58.6 4350.81 -74.4637 -168.315
58.7 4333.96 -74.1774 -168.387
58.8 4317.12 -73.891 -168.459
58.9 4300.26 -73.6044 -168.53
59 4283.4 -73.3177 -168.6
59.1 4266.53 -73.0309 -168.67
59.2 4249.65 -72.744 -168.738
59.3 4232.76 -72.457 -168.806
59.4 4215.87 -72.1698 -168.873
59.5 4198.98 -71.8826 -168.94
59.6 4182.07 -71.5952 -169.005
59.7 4165.16 -71.3078 -169.07
59.8 4148.25 -71.0202 -169.134
59.9 4131.32 -70.7325 -169.197
60 4114.39 -70.4447 -169.26
60.1 4097.46 -70.1568 -169.322
60.2 4080.52 -69.8688 -169.383
60.3 4063.57 -69.5807 -169.443
60.4 4046.62 -69.2925 -169.503
60.5 4029.66 -69.0042 -169.562
60.6 4012.69 -68.7158 -169.62
60.7 3995.72 -68.4273 -169.678
60.8 3978.75 -68.1387 -169.734
60.9 3961.76 -67.85 -169.791
61 3944.78 -67.5612 -169.846
61.1 3927.78 -67.2723 -169.901
61.2 3910.79 -66.9833 -169.955
61.3 3893.78 -66.6943 -170.008
61.4 3876.77 -66.4051 -170.061
61.5 3859.76 -66.1159 -170.113
61.6 3842.74 -65.8266 -170.165
61.7 3825.72 -65.5372 -170.216
61.8 3808.69 -65.2477 -170.266
61.9 3791.65 -64.9581 -170.315
62 3774.61 -64.6684 -170.364
62.1 3757.57 -64.3787 -170.413
62.2 3740.52 -64.0889 -170.46
62.3 3723.47 -63.799 -170.507
62.4 3706.41 -63.509 -170.554
62.5 3689.35 -63.2189 -170.6
62.6 3672.28 -62.9288 -170.645
62.7 3655.21 -62.6386 -170.69
62.8 3638.14 -62.3483 -170.734
62.9 3621.06 -62.0579 -170.777
63 3603.97 -61.7675 -170.82
63.1 3586.88 -61.477 -170.863
63.2 3569.79 -61.1864 -170.905
63.3 3552.69 -60.8958 -170.946
63.4 3535.59 -60.6051 -170.987
63.5 3518.49 -60.3143 -171.027
63.6 3501.38 -60.0235 -171.067
63.7 3484.27 -59.7325 -171.106
63.8 3467.15 -59.4416 -171.144
63.9 3450.03 -59.1505 -171.182
64 3432.91 -58.8594 -171.22
64.1 3415.78 -58.5682 -171.257
64.2 3398.65 -58.277 -171.294
64.3 3381.51 -57.9857 -171.33
64.4 3364.37 -57.6944 -171.365
64.5 3347.23 -57.403 -171.4
64.6 3330.09 -57.1115 -171.435
64.7 3312.94 -56.82 -171.469
64.8 3295.79 -56.5284 -171.503
64.9 3278.63 -56.2367 -171.536
65 3261.47 -55.945 -171.569
65.1 3244.31 -55.6533 -171.601
65.2 3227.15 -55.3615 -171.633
65.3 3209.98 -55.0696 -171.664
65.4 3192.81 -54.7777 -171.695
65.5 3175.63 -54.4858 -171.726
65.6 3158.46 -54.1938 -171.756
65.7 3141.28 -53.9017 -171.785
65.8 3124.09 -53.6096 -171.815
65.9 3106.91 -53.3174 -171.843
66 3089.72 -53.0252 -171.872
66.1 3072.53 -52.733 -171.9
66.2 3055.33 -52.4407 -171.927
66.3 3038.14 -52.1483 -171.955
66.4 3020.94 -51.8559 -171.982
66.5 3003.74 -51.5635 -172.008
66.6 2986.53 -51.271 -172.034
66.7 2969.32 -50.9785 -172.06
66.8 2952.11 -50.6859 -172.085
66.9 2934.9 -50.3933 -172.11
67 2917.69 -50.1007 -172.135
67.1 2900.47 -49.808 -172.159
67.2 2883.25 -49.5153 -172.183
67.3 2866.03 -49.2225 -172.206
67.4 2848.8 -48.9297 -172.229
67.5 2831.58 -48.6368 -172.252
67.6 2814.35 -48.3439 -172.275
67.7 2797.12 -48.051 -172.297
67.8 2779.89 -47.7581 -172.319
67.9 2762.65 -47.4651 -172.34
68 2745.41 -47.172 -172.362
68.1 2728.17 -46.879 -172.383
68.2 2710.93 -46.5859 -172.403
68.3 2693.69 -46.2927 -172.424
68.4 2676.44 -45.9995 -172.444
68.5 2659.2 -45.7063 -172.463
68.6 2641.95 -45.4131 -172.483
68.7 2624.7 -45.1198 -172.502
68.8 2607.44 -44.8265 -172.521
68.9 2590.19 -44.5332 -172.54
69 2572.93 -44.2398 -172.558
69.1 2555.67 -43.9464 -172.576
69.2 2538.41 -43.653 -172.594
69.3 2521.15 -43.3596 -172.611
69.4 2503.89 -43.0661 -172.629
69.5 2486.62 -42.7726 -172.646
69.6 2469.35 -42.479 -172.663
69.7 2452.09 -42.1855 -172.679
69.8 2434.82 -41.8919 -172.696
69.9 2417.54 -41.5982 -172.712
70 2400.27 -41.3046 -172.727
70.1 2382.99 -41.0109 -172.743
70.2 2365.72 -40.7172 -172.759
70.3 2348.44 -40.4235 -172.774
70.4 2331.16 -40.1297 -172.789
70.5 2313.88 -39.836 -172.803
70.6 2296.6 -39.5421 -172.818
70.7 2279.31 -39.2483 -172.832
70.8 2262.03 -38.9545 -172.846
70.9 2244.74 -38.6606 -172.86
71 2227.45 -38.3667 -172.874
71.1 2210.16 -38.0728 -172.888
71.2 2192.87 -37.7788 -172.901
71.3 2175.58 -37.4849 -172.914
71.4 2158.29 -37.1909 -172.927
71.5 2140.99 -36.8969 -172.94
71.6 2123.7 -36.6028 -172.952
71.7 2106.4 -36.3088 -172.965
71.8 2089.1 -36.0147 -172.977
71.9 2071.8 -35.7206 -172.989
72 2054.5 -35.4265 -173.001
72.1 2037.2 -35.1324 -173.013
72.2 2019.9 -34.8382 -173.024
72.3 2002.59 -34.5441 -173.036
72.4 1985.29 -34.2499 -173.047
72.5 1967.98 -33.9557 -173.058
72.6 1950.67 -33.6614 -173.069
72.7 1933.36 -33.3672 -173.08
72.8 1916.05 -33.0729 -173.091
72.9 1898.74 -32.7787 -173.101
73 1881.43 -32.4844 -173.111
73.1 1864.12 -32.19 -173.122
73.2 1846.81 -31.8957 -173.132
73.3 1829.49 -31.6014 -173.142
73.4 1812.18 -31.307 -173.152
73.5 1794.86 -31.0126 -173.161
73.6 1777.54 -30.7182 -173.171
73.7 1760.22 -30.4238 -173.18
73.8 1742.9 -30.1294 -173.19
73.9 1725.58 -29.8349 -173.199
74 1708.26 -29.5405 -173.208
74.1 1690.94 -29.246 -173.217
74.2 1673.62 -28.9515 -173.225
74.3 1656.29 -28.657 -173.234
74.4 1638.97 -28.3625 -173.243
74.5 1621.64 -28.0679 -173.251
74.6 1604.32 -27.7734 -173.26
74.7 1586.99 -27.4788 -173.268
74.8 1569.66 -27.1842 -173.276
74.9 1552.33 -26.8897 -173.284
75 1535 -26.5951 -173.292
75.1 1517.67 -26.3004 -173.3
75.2 1500.34 -26.0058 -173.307
75.3 1483.01 -25.7112 -173.315
75.4 1465.68 -25.4165 -173.322
75.5 1448.34 -25.1218 -173.33
75.6 1431.01 -24.8272 -173.337
75.7 1413.68 -24.5325 -173.344
75.8 1396.34 -24.2378 -173.351
75.9 1379 -23.9431 -173.358
76 1361.67 -23.6483 -173.365
76.1 1344.33 -23.3536 -173.372
76.2 1326.99 -23.0588 -173.378
76.3 1309.65 -22.7641 -173.385
76.4 1292.31 -22.4693 -173.391
76.5 1274.97 -22.1745 -173.398
76.6 1257.63 -21.8797 -173.404
76.7 1240.29 -21.5849 -173.41
76.8 1222.95 -21.2901 -173.416
76.9 1205.61 -20.9953 -173.422
77 1188.26 -20.7005 -173.428
77.1 1170.92 -20.4056 -173.434
77.2 1153.58 -20.1108 -173.44
77.3 1136.23 -19.8159 -173.445
77.4 1118.88 -19.521 -173.451
77.5 1101.54 -19.2262 -173.456
77.6 1084.19 -18.9313 -173.462
77.7 1066.85 -18.6364 -173.467
77.8 1049.5 -18.3415 -173.472
77.9 1032.15 -18.0466 -173.477
78 1014.8 -17.7516 -173.482
78.1 997.453 -17.4567 -173.487
78.2 980.103 -17.1618 -173.492
78.3 962.754 -16.8668 -173.496
78.4 945.403 -16.5719 -173.501
78.5 928.052 -16.2769 -173.506
78.6 910.701 -15.9819 -173.51
78.7 893.35 -15.6869 -173.514
78.8 875.998 -15.392 -173.518
78.9 858.645 -15.097 -173.522
79 841.292 -14.802 -173.526
79.1 823.967 -14.5074 -173.391
79.2 806.697 -14.2139 -172.976
79.3 789.483 -13.9212 -172.421
79.4 772.324 -13.6295 -171.867
79.5 755.219 -13.3387 -171.316
79.6 738.17 -13.0489 -170.768
79.7 721.175 -12.76 -170.221
79.8 704.235 -12.472 -169.677
79.9 687.348 -12.1849 -169.135
80 670.516 -11.8988 -168.595
80.1 653.737 -11.6135 -168.058
80.2 637.011 -11.3292 -167.523
80.3 620.339 -11.0458 -166.99
80.4 603.719 -10.7632 -166.459
80.5 587.153 -10.4816 -165.931
80.6 570.638 -10.2009 -165.404
80.7 554.177 -9.921 -164.88
80.8 537.767 -9.64204 -164.358
80.9 521.409 -9.36395 -163.838
81 505.103 -9.08675 -163.321
81.1 488.848 -8.81041 -162.805
81.2 472.644 -8.53495 -162.292
81.3 456.492 -8.26036 -161.781
81.4 440.39 -7.98663 -161.271
81.5 424.339 -7.71376 -160.764
81.6 408.338 -7.44175 -160.259
81.7 392.388 -7.17059 -159.757
81.8 376.487 -6.90028 -159.256
81.9 360.636 -6.63081 -158.757
82 344.835 -6.36219 -158.261
82.1 329.083 -6.09441 -157.766
82.2 313.38 -5.82746 -157.273
82.3 297.726 -5.56135 -156.783
82.4 282.121 -5.29606 -156.294
82.5 266.565 -5.0316 -155.808
82.6 251.057 -4.76796 -155.323
82.7 235.597 -4.50514 -154.841
82.8 220.185 -4.24314 -154.36
82.9 204.82 -3.98195 -153.882
83 189.504 -3.72156 -153.405
83.1 174.234 -3.46198 -152.93
83.2 159.012 -3.20321 -152.458
83.3 143.837 -2.94523 -151.987
83.4 128.708 -2.68804 -151.518
83.5 113.627 -2.43165 -151.051
83.6 98.5913 -2.17605 -150.586
83.7 83.6022 -1.92124 -150.123
83.8 68.659 -1.6672 -149.661
83.9 53.7618 -1.41395 -149.202
84 38.9102 -1.16147 -148.744
84.1 24.104 -0.909769 -148.289
84.2 9.34322 -0.658835 -147.835
84.3 -5.37249 -0.408668 -147.383
